<?xml version="1.0" encoding="UTF-8"?>
<!-- Generated by org.testng.reporters.JUnitXMLReporter -->
<testsuite ignored="0" hostname="DESKTOP-0VFKJ10" failures="0" tests="4" name="Default test" time="23.561" errors="0" timestamp="2026-08-23T13:53:06 IST">
  <testcase classname="selenium.Tests.MapFileTests" name="CreateMap" time="4.197"/>
  <testcase classname="selenium.Tests.MapFileTests" name="loginapplication" time="0.371"/>
  <testcase classname="selenium.Tests.MapFileTests" name="DeletingMap" time="2.568"/>
  <testcase classname="selenium.Tests.SettingsTestCases" name="SavingIpadress" time="2.241"/>
</testsuite> <!-- Default test -->
