<?xml version="1.0" encoding="UTF-8"?>
<testng-results ignored="0" total="1" passed="1" failed="0" skipped="0">
  <reporter-output>
  </reporter-output>
  <suite started-at="2026-08-03T23:18:24 IST" name="Default suite" finished-at="2026-08-03T23:18:30 IST" duration-ms="6237">
    <groups>
    </groups>
    <test started-at="2026-08-03T23:18:24 IST" name="Default test" finished-at="2026-08-03T23:18:30 IST" duration-ms="6237">
      <class name="selenium.Tests.CreatMapFile">
        <test-method is-config="true" signature="LaunchApplication()[pri:0, instance:selenium.Tests.CreatMapFile@4c12331b]" started-at="2026-08-03T23:18:24 IST" name="LaunchApplication" finished-at="2026-08-03T23:18:28 IST" duration-ms="3671" status="PASS">
          <reporter-output>
          </reporter-output>
        </test-method> <!-- LaunchApplication -->
        <test-method signature="CreateNode(java.util.HashMap)[pri:0, instance:selenium.Tests.CreatMapFile@4c12331b]" started-at="2026-08-03T23:18:28 IST" name="CreateNode" data-provider="getData" finished-at="2026-08-03T23:18:30 IST" duration-ms="2142" status="PASS">
          <params>
            <param index="0">
              <value>
                <![CDATA[{password=hachidori123, username=admin}]]>
              </value>
            </param>
          </params>
          <reporter-output>
          </reporter-output>
        </test-method> <!-- CreateNode -->
      </class> <!-- selenium.Tests.CreatMapFile -->
    </test> <!-- Default test -->
  </suite> <!-- Default suite -->
</testng-results>
