<?xml version="1.0" encoding="UTF-8"?>
<testng-results ignored="0" total="1" passed="1" failed="0" skipped="0">
  <reporter-output>
  </reporter-output>
  <suite started-at="2026-08-02T16:46:35 IST" name="Default suite" finished-at="2026-08-02T16:46:41 IST" duration-ms="5389">
    <groups>
    </groups>
    <test started-at="2026-08-02T16:46:35 IST" name="Default test" finished-at="2026-08-02T16:46:41 IST" duration-ms="5389">
      <class name="selenium.Tests.CreatMapFile">
        <test-method is-config="true" signature="LaunchApplication()[pri:0, instance:selenium.Tests.CreatMapFile@7586beff]" started-at="2026-08-02T16:46:36 IST" name="LaunchApplication" finished-at="2026-08-02T16:46:40 IST" duration-ms="4268" status="PASS">
          <reporter-output>
          </reporter-output>
        </test-method> <!-- LaunchApplication -->
        <test-method signature="loginapplication(java.util.HashMap)[pri:0, instance:selenium.Tests.CreatMapFile@7586beff]" started-at="2026-08-02T16:46:40 IST" name="loginapplication" data-provider="getData" finished-at="2026-08-02T16:46:40 IST" duration-ms="438" status="PASS">
          <params>
            <param index="0">
              <value>
                <![CDATA[{password=hachidori123, username=admin}]]>
              </value>
            </param>
          </params>
          <reporter-output>
          </reporter-output>
        </test-method> <!-- loginapplication -->
        <test-method is-config="true" signature="teradown()[pri:0, instance:selenium.Tests.CreatMapFile@7586beff]" started-at="2026-08-02T16:46:40 IST" name="teradown" finished-at="2026-08-02T16:46:41 IST" duration-ms="216" status="PASS">
          <reporter-output>
          </reporter-output>
        </test-method> <!-- teradown -->
      </class> <!-- selenium.Tests.CreatMapFile -->
    </test> <!-- Default test -->
  </suite> <!-- Default suite -->
</testng-results>
