<?xml version="1.0" encoding="UTF-8"?>
<!-- Generated by org.testng.reporters.JUnitReportReporter -->
<testsuite hostname="DESKTOP-0VFKJ10" failures="0" tests="3" name="selenium.Test.MapFileTests" time="20.328" errors="0" timestamp="2026-08-23T15:54:56 IST" skipped="0">
  <testcase classname="selenium.Test.MapFileTests" name="loginapplication" time="3.654"/>
  <testcase classname="selenium.Test.MapFileTests" name="DeletingMap" time="4.783"/>
  <testcase classname="selenium.Test.MapFileTests" name="CreateMap" time="11.891"/>
</testsuite> <!-- selenium.Test.MapFileTests -->
